#-----------------------------------------------------------
# Vivado v2019.2 (64-bit)
# SW Build 2708876 on Wed Nov  6 21:40:23 MST 2019
# IP Build 2700528 on Thu Nov  7 00:09:20 MST 2019
# Start of session at: Thu Mar 14 16:49:11 2024
# Process ID: 15436
# Current directory: D:/networkTaining/exp7/mycpu_env/soc_verify/soc_bram/run_vivado/project
# Command line: vivado.exe -gui_launcher_event rodinguilauncherevent14792 D:\networkTaining\exp7\mycpu_env\soc_verify\soc_bram\run_vivado\project\loongson.xpr
# Log file: D:/networkTaining/exp7/mycpu_env/soc_verify/soc_bram/run_vivado/project/vivado.log
# Journal file: D:/networkTaining/exp7/mycpu_env/soc_verify/soc_bram/run_vivado/project\vivado.jou
#-----------------------------------------------------------
start_gui
open_project D:/networkTaining/exp7/mycpu_env/soc_verify/soc_bram/run_vivado/project/loongson.xpr
INFO: [Project 1-313] Project file moved from 'D:/networkTaining/project/exp7/mycpu_env/soc_verify/soc_bram/run_vivado/project' since last save.
Scanning sources...
Finished scanning sources
INFO: [IP_Flow 19-234] Refreshing IP repositories
INFO: [IP_Flow 19-1704] No user IP repositories specified
INFO: [IP_Flow 19-2313] Loaded Vivado IP repository 'D:/networkTaining/Vivado/Vivado/2019.2/data/ip'.
update_compile_order -fileset sources_1
exit
INFO: [Common 17-206] Exiting Vivado at Thu Mar 14 16:55:04 2024...
