#-----------------------------------------------------------
# Vivado v2019.2 (64-bit)
# SW Build 2708876 on Wed Nov  6 21:40:23 MST 2019
# IP Build 2700528 on Thu Nov  7 00:09:20 MST 2019
# Start of session at: Tue Apr 16 20:46:37 2024
# Process ID: 10832
# Current directory: D:/networkTaining/minicpu_env/soc_verify/run_vivado/project
# Command line: vivado.exe -gui_launcher_event rodinguilauncherevent2028 D:\networkTaining\minicpu_env\soc_verify\run_vivado\project\loongson.xpr
# Log file: D:/networkTaining/minicpu_env/soc_verify/run_vivado/project/vivado.log
# Journal file: D:/networkTaining/minicpu_env/soc_verify/run_vivado/project\vivado.jou
#-----------------------------------------------------------
start_gui
open_project D:/networkTaining/minicpu_env/soc_verify/run_vivado/project/loongson.xpr
Scanning sources...
Finished scanning sources
INFO: [IP_Flow 19-234] Refreshing IP repositories
INFO: [IP_Flow 19-1704] No user IP repositories specified
INFO: [IP_Flow 19-2313] Loaded Vivado IP repository 'D:/networkTaining/Vivado/Vivado/2019.2/data/ip'.
update_compile_order -fileset sources_1
launch_simulation
Command: launch_simulation 
INFO: [Vivado 12-5698] Checking validity of IPs in the design for the 'XSim' simulator...
INFO: [Vivado 12-5682] Launching behavioral simulation in 'D:/networkTaining/minicpu_env/soc_verify/run_vivado/project/loongson.sim/sim_1/behav/xsim'
INFO: [Vivado 12-4795] Using compiled simulation libraries for IPs
INFO: [SIM-utils-51] Simulation object is 'sim_1'
INFO: [USF-XSim-7] Finding pre-compiled libraries...
INFO: [USF-XSim-11] File 'D:/networkTaining/Vivado/Vivado/2019.2/data/xsim/xsim.ini' copied to run dir:'D:/networkTaining/minicpu_env/soc_verify/run_vivado/project/loongson.sim/sim_1/behav/xsim'
INFO: [SIM-utils-54] Inspecting design source files for 'tb_top' in fileset 'sim_1'...
INFO: [SIM-utils-43] Exported 'D:/networkTaining/minicpu_env/soc_verify/run_vivado/project/loongson.sim/sim_1/behav/xsim/inst_ram.mif'
INFO: [SIM-utils-43] Exported 'D:/networkTaining/minicpu_env/soc_verify/run_vivado/project/loongson.sim/sim_1/behav/xsim/inst_ram.coe'
INFO: [USF-XSim-97] Finding global include files...
INFO: [USF-XSim-98] Fetching design files from 'sim_1'...
INFO: [USF-XSim-2] XSim::Compile design
INFO: [USF-XSim-61] Executing 'COMPILE and ANALYZE' step in 'D:/networkTaining/minicpu_env/soc_verify/run_vivado/project/loongson.sim/sim_1/behav/xsim'
"xvlog --incr --relax -prj tb_top_vlog.prj"
INFO: [VRFC 10-2263] Analyzing Verilog file "D:/networkTaining/minicpu_env/soc_verify/rtl/xilinx_ip/clk_pll/clk_pll_clk_wiz.v" into library xil_defaultlib
INFO: [VRFC 10-311] analyzing module clk_pll_clk_wiz
INFO: [VRFC 10-2263] Analyzing Verilog file "D:/networkTaining/minicpu_env/soc_verify/rtl/xilinx_ip/clk_pll/clk_pll.v" into library xil_defaultlib
INFO: [VRFC 10-311] analyzing module clk_pll
INFO: [VRFC 10-2263] Analyzing Verilog file "D:/networkTaining/minicpu_env/soc_verify/rtl/xilinx_ip/inst_ram/sim/inst_ram.v" into library xil_defaultlib
INFO: [VRFC 10-311] analyzing module inst_ram
INFO: [VRFC 10-2263] Analyzing Verilog file "D:/networkTaining/minicpu_env/soc_verify/rtl/CONFREG/confreg.v" into library xil_defaultlib
INFO: [VRFC 10-311] analyzing module confreg
ERROR: [VRFC 10-2989] 'MAX_VALUE' is not declared [D:/networkTaining/minicpu_env/soc_verify/rtl/CONFREG/confreg.v:101]
ERROR: [VRFC 10-2989] 'MAX_VALUE' is not declared [D:/networkTaining/minicpu_env/soc_verify/rtl/CONFREG/confreg.v:143]
ERROR: [VRFC 10-2989] 'MAX_VALUE' is not declared [D:/networkTaining/minicpu_env/soc_verify/rtl/CONFREG/confreg.v:144]
ERROR: [VRFC 10-2989] 'MAX_VALUE' is not declared [D:/networkTaining/minicpu_env/soc_verify/rtl/CONFREG/confreg.v:145]
ERROR: [VRFC 10-2989] 'MAX_VALUE' is not declared [D:/networkTaining/minicpu_env/soc_verify/rtl/CONFREG/confreg.v:146]
ERROR: [VRFC 10-2989] 'MAX_VALUE' is not declared [D:/networkTaining/minicpu_env/soc_verify/rtl/CONFREG/confreg.v:147]
ERROR: [VRFC 10-2989] 'MAX_VALUE' is not declared [D:/networkTaining/minicpu_env/soc_verify/rtl/CONFREG/confreg.v:148]
ERROR: [VRFC 10-2989] 'MAX_VALUE' is not declared [D:/networkTaining/minicpu_env/soc_verify/rtl/CONFREG/confreg.v:149]
ERROR: [VRFC 10-2989] 'MAX_VALUE' is not declared [D:/networkTaining/minicpu_env/soc_verify/rtl/CONFREG/confreg.v:150]
ERROR: [VRFC 10-2989] 'MAX_VALUE' is not declared [D:/networkTaining/minicpu_env/soc_verify/rtl/CONFREG/confreg.v:151]
ERROR: [VRFC 10-2865] module 'confreg' ignored due to previous errors [D:/networkTaining/minicpu_env/soc_verify/rtl/CONFREG/confreg.v:44]
INFO: [USF-XSim-69] 'compile' step finished in '2' seconds
INFO: [USF-XSim-99] Step results log file:'D:/networkTaining/minicpu_env/soc_verify/run_vivado/project/loongson.sim/sim_1/behav/xsim/xvlog.log'
ERROR: [USF-XSim-62] 'compile' step failed with error(s). Please check the Tcl console output or 'D:/networkTaining/minicpu_env/soc_verify/run_vivado/project/loongson.sim/sim_1/behav/xsim/xvlog.log' file for more information.
ERROR: [Vivado 12-4473] Detected error while running simulation. Please correct the issue and retry this operation.
ERROR: [Common 17-39] 'launch_simulation' failed due to earlier errors.
exit
INFO: [Common 17-206] Exiting Vivado at Tue Apr 16 20:51:19 2024...
