#-----------------------------------------------------------
# Vivado v2019.2 (64-bit)
# SW Build 2708876 on Wed Nov  6 21:40:23 MST 2019
# IP Build 2700528 on Thu Nov  7 00:09:20 MST 2019
# Start of session at: Thu Nov 23 15:05:29 2023
# Process ID: 11844
# Current directory: D:/networkTaining/project/mycpu_env/gettrace
# Command line: vivado.exe -gui_launcher_event rodinguilauncherevent16096 D:\networkTaining\project\mycpu_env\gettrace\gettrace.xpr
# Log file: D:/networkTaining/project/mycpu_env/gettrace/vivado.log
# Journal file: D:/networkTaining/project/mycpu_env/gettrace\vivado.jou
#-----------------------------------------------------------
start_gui
open_project D:/networkTaining/project/mycpu_env/gettrace/gettrace.xpr
INFO: [Project 1-313] Project file moved from '/home/chenji/Desktop/cdp_ede_local/mycpu_env/gettrace' since last save.
Scanning sources...
Finished scanning sources
WARNING: [filemgmt 56-2] IPUserFilesDir: Could not find the directory 'D:/networkTaining/project/mycpu_env/gettrace/gettrace.ip_user_files', nor could it be found using path 'D:/home/chenji/Desktop/cdp_ede_local/mycpu_env/gettrace/gettrace.ip_user_files'.
INFO: [IP_Flow 19-234] Refreshing IP repositories
INFO: [IP_Flow 19-1704] No user IP repositories specified
INFO: [IP_Flow 19-2313] Loaded Vivado IP repository 'D:/networkTaining/Vivado/Vivado/2019.2/data/ip'.
update_compile_order -fileset sources_1
exit
INFO: [Common 17-206] Exiting Vivado at Thu Nov 23 15:09:14 2023...
